<?xml version="1.0" encoding="UTF-8"?>
<testng-results ignored="0" total="1" passed="1" failed="0" skipped="0">
  <reporter-output>
  </reporter-output>
  <suite started-at="2022-05-01T14:33:52Z" name="Default suite" finished-at="2022-05-01T14:33:53Z" duration-ms="1032">
    <groups>
    </groups>
    <test started-at="2022-05-01T14:33:52Z" name="Default test" finished-at="2022-05-01T14:33:53Z" duration-ms="1032">
      <class name="project_001.Project_001">
        <test-method signature="extenttest()[pri:0, instance:project_001.Project_001@3c407114]" started-at="2022-05-01T14:33:52Z" name="extenttest" finished-at="2022-05-01T14:33:53Z" duration-ms="979" status="PASS">
          <reporter-output>
          </reporter-output>
        </test-method> <!-- extenttest -->
      </class> <!-- project_001.Project_001 -->
    </test> <!-- Default test -->
  </suite> <!-- Default suite -->
</testng-results>
